<?xml version="1.0" encoding="UTF-8"?>
<!-- Generated by org.testng.reporters.JUnitReportReporter -->
<testsuite skipped="0" hostname="Erys" name="tests.ProfileTest" tests="2" failures="0" timestamp="2021-10-20T10:45:10 CEST" time="33.432" errors="0">
  <testcase name="changeProfileImageTest" time="21.348" classname="tests.ProfileTest"/>
  <system-out/>
  <testcase name="editProfileTest" time="12.084" classname="tests.ProfileTest"/>
  <system-out/>
</testsuite> <!-- tests.ProfileTest -->
